Flutter crash report.
Please report a bug at https://github.com/flutter/flutter/issues.

## command

flutter create controller:auth

## exception

FileSystemException: FileSystemException: Exists failed, path = 'controller:auth\ios' (OS Error: The filename, directory name, or volume label syntax is incorrect.
, errno = 123)

```
#0      _Directory.existsSync (dart:io/directory_impl.dart:94:7)
#1      ForwardingFileSystemEntity.existsSync (package:file/src/forwarding/forwarding_file_system_entity.dart:43:33)
#2      ErrorHandlingDirectory.existsSync.<anonymous closure> (package:flutter_tools/src/base/error_handling_io.dart:497:22)
#3      _runSync (package:flutter_tools/src/base/error_handling_io.dart:597:14)
#4      ErrorHandlingDirectory.existsSync (package:flutter_tools/src/base/error_handling_io.dart:496:12)
#5      IosProject.existsSync (package:flutter_tools/src/xcode_project.dart:169:50)
#6      FlutterProject.organizationNames (package:flutter_tools/src/project.dart:138:13)
#7      CreateBase.getOrganization (package:flutter_tools/src/commands/create_base.dart:255:63)
#8      CreateCommand.runCommand (package:flutter_tools/src/commands/create.dart:246:39)
#9      FlutterCommand.verifyThenRunCommand (package:flutter_tools/src/runner/flutter_command.dart:1342:12)
<asynchronous suspension>
#10     FlutterCommand.run.<anonymous closure> (package:flutter_tools/src/runner/flutter_command.dart:1183:27)
<asynchronous suspension>
#11     AppContext.run.<anonymous closure> (package:flutter_tools/src/base/context.dart:150:19)
<asynchronous suspension>
#12     CommandRunner.runCommand (package:args/command_runner.dart:209:13)
<asynchronous suspension>
#13     FlutterCommandRunner.runCommand.<anonymous closure> (package:flutter_tools/src/runner/flutter_command_runner.dart:281:9)
<asynchronous suspension>
#14     AppContext.run.<anonymous closure> (package:flutter_tools/src/base/context.dart:150:19)
<asynchronous suspension>
#15     FlutterCommandRunner.runCommand (package:flutter_tools/src/runner/flutter_command_runner.dart:229:5)
<asynchronous suspension>
#16     run.<anonymous closure>.<anonymous closure> (package:flutter_tools/runner.dart:62:9)
<asynchronous suspension>
#17     AppContext.run.<anonymous closure> (package:flutter_tools/src/base/context.dart:150:19)
<asynchronous suspension>
#18     main (package:flutter_tools/executable.dart:94:3)
<asynchronous suspension>
```

## flutter doctor

```
[✓] Flutter (Channel stable, 3.0.5, on Microsoft Windows [Version 10.0.19045.2486], locale en-ID)
    • Flutter version 3.0.5 at C:\src\flutter
    • Upstream repository https://github.com/flutter/flutter.git
    • Framework revision f1875d570e (6 months ago), 2022-07-13 11:24:16 -0700
    • Engine revision e85ea0e79c
    • Dart version 2.17.6
    • DevTools version 2.12.2

[✓] Android toolchain - develop for Android devices (Android SDK version 31.0.0)
    • Android SDK at C:\Users\RPLSKENSA\AppData\Local\Android\sdk
    • Platform android-31, build-tools 31.0.0
    • Java binary at: C:\Program Files\Android\Android Studio\jre\bin\java
    • Java version OpenJDK Runtime Environment (build 11.0.10+0-b96-7249189)
    • All Android licenses accepted.

[✓] Chrome - develop for the web
    • Chrome at C:\Program Files\Google\Chrome\Application\chrome.exe

[✓] Visual Studio - develop for Windows (Visual Studio Community 2022 17.2.6)
    • Visual Studio at C:\Program Files\Microsoft Visual Studio\2022\Community
    • Visual Studio Community 2022 version 17.2.32630.192
    • Windows 10 SDK version 10.0.19041.0

[✓] Android Studio (version 2020.3)
    • Android Studio at C:\Program Files\Android\Android Studio
    • Flutter plugin can be installed from:
      🔨 https://plugins.jetbrains.com/plugin/9212-flutter
    • Dart plugin can be installed from:
      🔨 https://plugins.jetbrains.com/plugin/6351-dart
    • Java version OpenJDK Runtime Environment (build 11.0.10+0-b96-7249189)

[✓] VS Code (version 1.74.3)
    • VS Code at C:\Users\RPLSKENSA\AppData\Local\Programs\Microsoft VS Code
    • Flutter extension version 3.54.0

[✓] Connected device (4 available)
    • Android SDK built for x86 (mobile) • emulator-5554 • android-x86    • Android 11 (API 30) (emulator)
    • Windows (desktop)                  • windows       • windows-x64    • Microsoft Windows [Version
      10.0.19045.2486]
    • Chrome (web)                       • chrome        • web-javascript • Google Chrome 109.0.5414.74
    • Edge (web)                         • edge          • web-javascript • Microsoft Edge 108.0.1462.76

[✓] HTTP Host Availability
    • All required HTTP hosts are available

• No issues found!
```
